<?xml version="1.0" encoding="UTF-8"?>
<!-- Generated by org.testng.reporters.JUnitReportReporter -->
<testsuite hostname="DESKTOP-HH8PPS6" failures="0" tests="1" name="com.restA.GetresponseDemo" time="7.648" errors="0" timestamp="2023-12-15T14:43:46 IST" skipped="0">
  <testcase classname="com.restA.GetresponseDemo" name="test1" time="7.648"/>
  <system-out/>
</testsuite> <!-- com.restA.GetresponseDemo -->
