<?xml version="1.0" encoding="UTF-8"?>
<!-- Generated by org.testng.reporters.JUnitReportReporter -->
<testsuite hostname="DESKTOP-HH8PPS6" failures="0" tests="1" name="com.restA.GetresponseDemo" time="8.195" errors="0" timestamp="2023-04-27T13:12:37 IST" skipped="0">
  <testcase classname="com.restA.GetresponseDemo" name="getResponsemethod" time="8.195"/>
  <system-out/>
</testsuite> <!-- com.restA.GetresponseDemo -->
