<?xml version="1.0" encoding="UTF-8"?>
<!-- Generated by org.testng.reporters.JUnitReportReporter -->
<testsuite hostname="DESKTOP-HH8PPS6" failures="0" tests="1" name="com.restA.RapidAPI3" time="68.377" errors="0" timestamp="2024-04-13T21:10:48 IST" skipped="0">
  <testcase classname="com.restA.RapidAPI3" name="mainTest" time="68.377"/>
  <system-out/>
</testsuite> <!-- com.restA.RapidAPI3 -->
