<?xml version="1.0" encoding="UTF-8"?>
<!-- Generated by org.testng.reporters.JUnitReportReporter -->
<testsuite hostname="DESKTOP-HH8PPS6" failures="0" tests="1" name="com.restA.GoogleMFAPI" time="5.400" errors="0" timestamp="2023-12-28T10:49:02 IST" skipped="0">
  <testcase classname="com.restA.GoogleMFAPI" name="mainTest" time="5.400"/>
  <system-out/>
</testsuite> <!-- com.restA.GoogleMFAPI -->
