<?xml version="1.0" encoding="UTF-8"?>
<!-- Generated by org.testng.reporters.JUnitReportReporter -->
<testsuite hostname="DESKTOP-HH8PPS6" failures="0" tests="1" name="com.restA.RapidAPI3" time="15.565" errors="0" timestamp="2024-04-28T17:03:32 IST" skipped="0">
  <testcase classname="com.restA.RapidAPI3" name="mainTest" time="15.565"/>
  <system-out/>
</testsuite> <!-- com.restA.RapidAPI3 -->
