<?xml version="1.0" encoding="UTF-8"?>
<!-- Generated by org.testng.reporters.JUnitReportReporter -->
<testsuite hostname="DESKTOP-HH8PPS6" failures="0" tests="1" name="com.restA.RapidAPI2" time="19.935" errors="0" timestamp="2024-04-13T19:48:47 IST" skipped="0">
  <testcase classname="com.restA.RapidAPI2" name="mainTest" time="19.935"/>
  <system-out/>
</testsuite> <!-- com.restA.RapidAPI2 -->
