<?xml version="1.0" encoding="UTF-8"?>
<!-- Generated by org.testng.reporters.JUnitReportReporter -->
<testsuite hostname="DESKTOP-HH8PPS6" failures="0" tests="1" name="com.restA.RapidAPI2" time="8.338" errors="0" timestamp="2023-12-29T12:01:29 IST" skipped="0">
  <testcase classname="com.restA.RapidAPI2" name="mainTest" time="8.338"/>
  <system-out/>
</testsuite> <!-- com.restA.RapidAPI2 -->
