<?xml version="1.0" encoding="UTF-8"?>
<!-- Generated by org.testng.reporters.JUnitReportReporter -->
<testsuite hostname="DESKTOP-HH8PPS6" failures="0" tests="1" name="com.restA.GooglleoneyControl" time="110.411" errors="0" timestamp="2023-12-22T16:45:55 IST" skipped="0">
  <testcase classname="com.restA.GooglleoneyControl" name="mainTest" time="110.411"/>
  <system-out/>
</testsuite> <!-- com.restA.GooglleoneyControl -->
