<?xml version="1.0" encoding="UTF-8"?>
<!-- Generated by org.testng.reporters.JUnitReportReporter -->
<testsuite hostname="DESKTOP-HH8PPS6" failures="0" tests="1" name="com.restA.GetresponseDemo" time="8.605" errors="0" timestamp="2023-12-15T15:10:10 IST" skipped="0">
  <testcase classname="com.restA.GetresponseDemo" name="test1" time="8.605"/>
  <system-out/>
</testsuite> <!-- com.restA.GetresponseDemo -->
